<?xml version="1.0" encoding="UTF-8"?>
<!-- Generated by org.testng.reporters.JUnitXMLReporter -->
<testsuite ignored="0" hostname="LAPTOP-U3GTK72O" failures="0" tests="4" name="Default test" time="25.901" errors="0" timestamp="2024-05-26T20:25:14 IST">
  <testcase classname="com.OhrmProject.Scenario2.Testcases.AdminPageTest" name="verifySearchByUsernameCount" time="7.547"/>
  <testcase classname="com.OhrmProject.Scenario2.Testcases.AdminPageTest" name="verifySearchByUserroleCount" time="6.223"/>
  <testcase classname="com.OhrmProject.Scenario2.Testcases.AdminPageTest" name="verifySearchByUserstatusCount" time="6.303"/>
  <testcase classname="com.OhrmProject.Scenario2.Testcases.AdminPageTest" name="verifySideMenuItemCount" time="0.641"/>
</testsuite> <!-- Default test -->
