<?xml version="1.0" encoding="UTF-8"?>
<!-- Generated by org.testng.reporters.JUnitXMLReporter -->
<testsuite ignored="0" hostname="LAPTOP-U3GTK72O" failures="0" tests="4" name="Test2" time="27.833" errors="0" timestamp="2024-05-26T21:52:55 IST">
  <testcase classname="com.OhrmProject.Scenario2.Testcases.AdminPageTest" name="verifySearchByUsernameCount" time="6.746"/>
  <testcase classname="com.OhrmProject.Scenario2.Testcases.AdminPageTest" name="verifySearchByUserroleCount" time="6.524"/>
  <testcase classname="com.OhrmProject.Scenario2.Testcases.AdminPageTest" name="verifySearchByUserstatusCount" time="6.274"/>
  <testcase classname="com.OhrmProject.Scenario2.Testcases.AdminPageTest" name="verifySideMenuItemCount" time="0.597"/>
</testsuite> <!-- Test2 -->
