<?xml version="1.0" encoding="UTF-8"?>
<!-- Generated by org.testng.reporters.JUnitXMLReporter -->
<testsuite ignored="0" hostname="LAPTOP-U3GTK72O" failures="0" tests="4" name="Test1" time="30.8" errors="0" timestamp="2024-05-26T15:32:07 IST">
  <testcase classname="com.OhrmProject.Scenario2.Testcases.AdminPageTest" name="verifySearchByUsernameCount" time="5.793"/>
  <testcase classname="com.OhrmProject.Scenario2.Testcases.AdminPageTest" name="verifySearchByUserroleCount" time="5.079"/>
  <testcase classname="com.OhrmProject.Scenario2.Testcases.AdminPageTest" name="verifySearchByUserstatusCount" time="5.078"/>
  <testcase classname="com.OhrmProject.Scenario2.Testcases.AdminPageTest" name="verifySideMenuItemCount" time="0.725"/>
</testsuite> <!-- Test1 -->
