<?xml version="1.0" encoding="UTF-8"?>
<testng-results ignored="0" total="5" passed="5" failed="0" skipped="0">
  <reporter-output>
  </reporter-output>
  <suite started-at="2024-05-26T21:51:50 IST" name="Suite" finished-at="2024-05-26T21:52:55 IST" duration-ms="65213">
    <groups>
    </groups>
    <test started-at="2024-05-26T21:51:50 IST" name="Test" finished-at="2024-05-26T21:52:27 IST" duration-ms="37314">
      <class name="com.OhrmProject.Scenario2.Testcases.LoginPageohrmTest">
        <test-method is-config="true" signature="driverInitialize()[pri:0, instance:com.OhrmProject.Scenario2.Testcases.LoginPageohrmTest@35d019a3]" started-at="2024-05-26T21:51:50 IST" name="driverInitialize" finished-at="2024-05-26T21:51:55 IST" duration-ms="5020" status="PASS">
          <reporter-output>
          </reporter-output>
        </test-method> <!-- driverInitialize -->
        <test-method is-config="true" signature="pageSetup()[pri:0, instance:com.OhrmProject.Scenario2.Testcases.LoginPageohrmTest@35d019a3]" started-at="2024-05-26T21:51:55 IST" name="pageSetup" finished-at="2024-05-26T21:51:57 IST" duration-ms="2048" status="PASS">
          <reporter-output>
          </reporter-output>
        </test-method> <!-- pageSetup -->
        <test-method signature="verifyLogin()[pri:0, instance:com.OhrmProject.Scenario2.Testcases.LoginPageohrmTest@35d019a3]" started-at="2024-05-26T21:51:57 IST" name="verifyLogin" finished-at="2024-05-26T21:52:27 IST" duration-ms="30194" status="PASS">
          <reporter-output>
          </reporter-output>
        </test-method> <!-- verifyLogin -->
      </class> <!-- com.OhrmProject.Scenario2.Testcases.LoginPageohrmTest -->
    </test> <!-- Test -->
    <test started-at="2024-05-26T21:52:27 IST" name="Test2" finished-at="2024-05-26T21:52:55 IST" duration-ms="27833">
      <class name="com.OhrmProject.Scenario2.Testcases.AdminPageTest">
        <test-method is-config="true" signature="driverInitialize()[pri:0, instance:com.OhrmProject.Scenario2.Testcases.AdminPageTest@c730b35]" started-at="2024-05-26T21:52:27 IST" name="driverInitialize" finished-at="2024-05-26T21:52:33 IST" duration-ms="5655" status="PASS">
          <reporter-output>
          </reporter-output>
        </test-method> <!-- driverInitialize -->
        <test-method is-config="true" signature="pageSetup()[pri:0, instance:com.OhrmProject.Scenario2.Testcases.AdminPageTest@c730b35]" started-at="2024-05-26T21:52:33 IST" name="pageSetup" finished-at="2024-05-26T21:52:35 IST" duration-ms="2021" status="PASS">
          <reporter-output>
          </reporter-output>
        </test-method> <!-- pageSetup -->
        <test-method signature="verifySearchByUsernameCount()[pri:0, instance:com.OhrmProject.Scenario2.Testcases.AdminPageTest@c730b35]" started-at="2024-05-26T21:52:35 IST" name="verifySearchByUsernameCount" finished-at="2024-05-26T21:52:41 IST" duration-ms="6746" status="PASS">
          <reporter-output>
          </reporter-output>
        </test-method> <!-- verifySearchByUsernameCount -->
        <test-method signature="verifySearchByUserroleCount()[pri:0, instance:com.OhrmProject.Scenario2.Testcases.AdminPageTest@c730b35]" started-at="2024-05-26T21:52:41 IST" name="verifySearchByUserroleCount" finished-at="2024-05-26T21:52:48 IST" duration-ms="6524" status="PASS">
          <reporter-output>
          </reporter-output>
        </test-method> <!-- verifySearchByUserroleCount -->
        <test-method signature="verifySearchByUserstatusCount()[pri:0, instance:com.OhrmProject.Scenario2.Testcases.AdminPageTest@c730b35]" started-at="2024-05-26T21:52:48 IST" name="verifySearchByUserstatusCount" finished-at="2024-05-26T21:52:54 IST" duration-ms="6274" status="PASS">
          <reporter-output>
          </reporter-output>
        </test-method> <!-- verifySearchByUserstatusCount -->
        <test-method signature="verifySideMenuItemCount()[pri:0, instance:com.OhrmProject.Scenario2.Testcases.AdminPageTest@c730b35]" started-at="2024-05-26T21:52:54 IST" name="verifySideMenuItemCount" finished-at="2024-05-26T21:52:55 IST" duration-ms="597" status="PASS">
          <reporter-output>
          </reporter-output>
        </test-method> <!-- verifySideMenuItemCount -->
      </class> <!-- com.OhrmProject.Scenario2.Testcases.AdminPageTest -->
    </test> <!-- Test2 -->
  </suite> <!-- Suite -->
</testng-results>
